<?xml version="1.0" encoding="UTF-8"?>
<testng-results skipped="0" failed="0" ignored="0" total="2" passed="2">
  <reporter-output>
  </reporter-output>
  <suite name="Default suite" duration-ms="41571" started-at="2019-07-25T14:26:12Z" finished-at="2019-07-25T14:26:54Z">
    <groups>
    </groups>
    <test name="Default test" duration-ms="41571" started-at="2019-07-25T14:26:12Z" finished-at="2019-07-25T14:26:54Z">
      <class name="com.datadriven.test.HalfEbayTest">
        <test-method status="PASS" signature="setUp()[pri:0, instance:com.datadriven.test.HalfEbayTest@5b275dab]" name="setUp" is-config="true" duration-ms="13637" started-at="2019-07-25T14:26:14Z" finished-at="2019-07-25T14:26:28Z">
          <reporter-output>
          </reporter-output>
        </test-method> <!-- setUp -->
        <test-method status="PASS" signature="halfEbayRegPagetest(java.lang.String, java.lang.String, java.lang.String, java.lang.String, java.lang.String, java.lang.String, java.lang.String, java.lang.String)[pri:0, instance:com.datadriven.test.HalfEbayTest@5b275dab]" name="halfEbayRegPagetest" duration-ms="6266" started-at="2019-07-25T14:26:28Z" data-provider="getTestData" finished-at="2019-07-25T14:26:34Z">
          <params>
            <param index="0">
              <value>
                <![CDATA[Tom]]>
              </value>
            </param>
            <param index="1">
              <value>
                <![CDATA[Peter]]>
              </value>
            </param>
            <param index="2">
              <value>
                <![CDATA[12, new street]]>
              </value>
            </param>
            <param index="3">
              <value>
                <![CDATA[downtown]]>
              </value>
            </param>
            <param index="4">
              <value>
                <![CDATA[sunnyvale]]>
              </value>
            </param>
            <param index="5">
              <value>
                <![CDATA[California]]>
              </value>
            </param>
            <param index="6">
              <value>
                <![CDATA[94085.0]]>
              </value>
            </param>
            <param index="7">
              <value>
                <![CDATA[test1@gmail.com]]>
              </value>
            </param>
          </params>
          <reporter-output>
          </reporter-output>
        </test-method> <!-- halfEbayRegPagetest -->
        <test-method status="PASS" signature="tearDown()[pri:0, instance:com.datadriven.test.HalfEbayTest@5b275dab]" name="tearDown" is-config="true" duration-ms="1120" started-at="2019-07-25T14:26:34Z" finished-at="2019-07-25T14:26:36Z">
          <reporter-output>
          </reporter-output>
        </test-method> <!-- tearDown -->
        <test-method status="PASS" signature="setUp()[pri:0, instance:com.datadriven.test.HalfEbayTest@5b275dab]" name="setUp" is-config="true" duration-ms="10359" started-at="2019-07-25T14:26:36Z" finished-at="2019-07-25T14:26:46Z">
          <reporter-output>
          </reporter-output>
        </test-method> <!-- setUp -->
        <test-method status="PASS" signature="halfEbayRegPagetest(java.lang.String, java.lang.String, java.lang.String, java.lang.String, java.lang.String, java.lang.String, java.lang.String, java.lang.String)[pri:0, instance:com.datadriven.test.HalfEbayTest@5b275dab]" name="halfEbayRegPagetest" duration-ms="7078" started-at="2019-07-25T14:26:46Z" data-provider="getTestData" finished-at="2019-07-25T14:26:53Z">
          <params>
            <param index="0">
              <value>
                <![CDATA[Reshma]]>
              </value>
            </param>
            <param index="1">
              <value>
                <![CDATA[K]]>
              </value>
            </param>
            <param index="2">
              <value>
                <![CDATA[13, new street]]>
              </value>
            </param>
            <param index="3">
              <value>
                <![CDATA[downtown]]>
              </value>
            </param>
            <param index="4">
              <value>
                <![CDATA[sunnyvale]]>
              </value>
            </param>
            <param index="5">
              <value>
                <![CDATA[California]]>
              </value>
            </param>
            <param index="6">
              <value>
                <![CDATA[94086.0]]>
              </value>
            </param>
            <param index="7">
              <value>
                <![CDATA[test2@gmail.com]]>
              </value>
            </param>
          </params>
          <reporter-output>
          </reporter-output>
        </test-method> <!-- halfEbayRegPagetest -->
        <test-method status="PASS" signature="tearDown()[pri:0, instance:com.datadriven.test.HalfEbayTest@5b275dab]" name="tearDown" is-config="true" duration-ms="888" started-at="2019-07-25T14:26:53Z" finished-at="2019-07-25T14:26:54Z">
          <reporter-output>
          </reporter-output>
        </test-method> <!-- tearDown -->
      </class> <!-- com.datadriven.test.HalfEbayTest -->
    </test> <!-- Default test -->
  </suite> <!-- Default suite -->
</testng-results>
